2026-04-19 20:26:57,235 [INFO] ============================================================
2026-04-19 20:26:57,235 [INFO] GitHub 项目热度计算开始
2026-04-19 20:26:57,236 [INFO] [general] 找到 2 个文件
2026-04-19 20:26:57,238 [INFO] [general] 已生成：status\general_heat.json，共 11 个项目
2026-04-19 20:26:57,238 [INFO] [science] 找到 2 个文件
2026-04-19 20:26:57,242 [INFO] [science] 已生成：status\science_heat.json，共 102 个项目
2026-04-19 20:26:57,242 [INFO] 全部计算完成
2026-04-19 20:26:57,242 [INFO] ============================================================
2026-04-19 20:27:48,161 [INFO] ============================================================
2026-04-19 20:27:48,162 [INFO] GitHub 项目热度计算开始
2026-04-19 20:27:48,162 [INFO] [general] 找到 2 个文件
2026-04-19 20:27:48,164 [INFO] [general] 已生成：scores\general_heat.json，共 11 个项目
2026-04-19 20:27:48,164 [INFO] [science] 找到 2 个文件
2026-04-19 20:27:48,192 [INFO] [science] 已生成：scores\science_heat.json，共 102 个项目
2026-04-19 20:27:48,193 [INFO] 全部计算完成
2026-04-19 20:27:48,193 [INFO] ============================================================
2026-04-21 14:51:47,994 [INFO] ============================================================
2026-04-21 14:51:47,994 [INFO] GitHub 项目热度计算开始
2026-04-21 14:51:47,995 [INFO] [general] 找到 3 个文件
2026-04-21 14:51:47,997 [INFO] [general] 已生成：scores\general_heat.json，共 11 个项目
2026-04-21 14:51:47,997 [INFO] [science] 找到 3 个文件
2026-04-21 14:51:48,002 [INFO] [science] 已生成：scores\science_heat.json，共 103 个项目
2026-04-21 14:51:48,003 [INFO] 全部计算完成
2026-04-21 14:51:48,003 [INFO] ============================================================
2026-04-27 16:55:51,814 [INFO] ============================================================
2026-04-27 16:55:51,814 [INFO] GitHub 项目热度计算开始
2026-04-27 16:55:51,815 [INFO] [general] 找到 7 个文件
2026-04-27 16:55:51,817 [INFO] [general] 已生成：scores\general_heat.json，共 11 个项目
2026-04-27 16:55:51,817 [INFO] [science] 找到 7 个文件
2026-04-27 16:55:51,823 [INFO] [science] 已生成：scores\science_heat.json，共 102 个项目
2026-04-27 16:55:51,823 [INFO] 全部计算完成
2026-04-27 16:55:51,823 [INFO] ============================================================
2026-04-27 18:18:15,973 [INFO] ============================================================
2026-04-27 18:18:15,973 [INFO] GitHub 项目热度计算（1d/3d区分度强化版）
2026-04-27 18:18:15,974 [INFO] [general] 找到 7 个文件
2026-04-27 18:18:15,976 [INFO] [general] 已生成：scores\general_heat.json，共 11 个项目
2026-04-27 18:18:15,976 [INFO] [science] 找到 7 个文件
2026-04-27 18:18:15,983 [INFO] [science] 已生成：scores\science_heat.json，共 102 个项目
2026-04-27 18:18:15,983 [INFO] 全部计算完成
2026-04-27 18:18:15,983 [INFO] ============================================================
2026-04-27 20:08:19,061 [INFO] ============================================================
2026-04-27 20:08:19,062 [INFO] GitHub 项目热度计算（纯周期内事件版）
2026-04-27 20:08:19,062 [INFO] [general] 找到 7 个文件
2026-04-27 20:08:19,100 [INFO] [general] 已生成：scores\general_heat.json，共 11 个项目
2026-04-27 20:08:19,100 [INFO] [science] 找到 7 个文件
2026-04-27 20:08:19,149 [INFO] [science] 已生成：scores\science_heat.json，共 102 个项目
2026-04-27 20:08:19,150 [INFO] 全部计算完成
2026-04-27 20:08:19,150 [INFO] ============================================================
