2026-04-19 20:11:53,419 [INFO] ==================================================
2026-04-19 20:11:53,419 [INFO] 开始评分计算
2026-04-19 20:11:53,420 [INFO] [general] 找到文件：3 个
2026-04-19 20:11:53,420 [INFO] [general] 基准文件加载：general_20260417.json
2026-04-19 20:11:53,420 [INFO] [general] 处理：general_20260419.json
2026-04-19 20:11:53,465 [INFO] [general] 已生成：score_general_general_20260419.json
2026-04-19 20:11:53,466 [INFO] [general] 处理：general_heat.json
2026-04-19 20:11:53,467 [INFO] [general] 已生成：score_general_general_heat.json
2026-04-19 20:11:53,468 [INFO] [science] 找到文件：3 个
2026-04-19 20:11:53,469 [INFO] [science] 基准文件加载：science_20260417.json
2026-04-19 20:11:53,469 [INFO] [science] 处理：science_20260419.json
2026-04-19 20:11:53,471 [INFO] [science] 已生成：score_science_science_20260419.json
2026-04-19 20:11:53,471 [INFO] [science] 处理：science_heat.json
2026-04-19 20:11:53,473 [INFO] [science] 已生成：score_science_science_heat.json
2026-04-19 20:11:53,474 [INFO] 全部完成
2026-04-19 20:11:53,474 [INFO] ==================================================
2026-04-19 20:12:18,416 [INFO] ==================================================
2026-04-19 20:12:18,416 [INFO] 开始评分计算
2026-04-19 20:12:18,416 [INFO] [general] 找到文件：2 个
2026-04-19 20:12:18,417 [INFO] [general] 基准文件加载：general_20260417.json
2026-04-19 20:12:18,417 [INFO] [general] 处理：general_20260419.json
2026-04-19 20:12:18,418 [INFO] [general] 已生成：score_general_general_20260419.json
2026-04-19 20:12:18,418 [INFO] [science] 找到文件：2 个
2026-04-19 20:12:18,419 [INFO] [science] 基准文件加载：science_20260417.json
2026-04-19 20:12:18,419 [INFO] [science] 处理：science_20260419.json
2026-04-19 20:12:18,420 [INFO] [science] 已生成：score_science_science_20260419.json
2026-04-19 20:12:18,420 [INFO] 全部完成
2026-04-19 20:12:18,420 [INFO] ==================================================
2026-04-19 20:12:55,964 [INFO] ==================================================
2026-04-19 20:12:55,965 [INFO] 开始评分计算
2026-04-19 20:12:55,965 [INFO] [general] 找到文件：2 个
2026-04-19 20:12:55,966 [INFO] [general] 基准文件加载：general_20260417.json
2026-04-19 20:12:55,966 [INFO] [general] 处理：general_20260419.json
2026-04-19 20:12:55,967 [INFO] [general] 已生成：score_general_general_20260419.json
2026-04-19 20:12:55,967 [INFO] [science] 找到文件：2 个
2026-04-19 20:12:55,968 [INFO] [science] 基准文件加载：science_20260417.json
2026-04-19 20:12:55,968 [INFO] [science] 处理：science_20260419.json
2026-04-19 20:12:55,969 [INFO] [science] 已生成：score_science_science_20260419.json
2026-04-19 20:12:55,970 [INFO] 全部完成
2026-04-19 20:12:55,970 [INFO] ==================================================
2026-04-19 20:18:24,351 [INFO] ==================================================
2026-04-19 20:18:24,351 [INFO] 开始评分计算
2026-04-19 20:18:24,352 [INFO] [general] 找到文件：2 个
2026-04-19 20:18:24,352 [INFO] [general] 基准文件加载：general_20260417.json
2026-04-19 20:18:24,352 [INFO] [general] 处理：general_20260419.json
2026-04-19 20:18:24,353 [INFO] [general] 已生成：score_general.json
2026-04-19 20:18:24,354 [INFO] [science] 找到文件：2 个
2026-04-19 20:18:24,354 [INFO] [science] 基准文件加载：science_20260417.json
2026-04-19 20:18:24,355 [INFO] [science] 处理：science_20260419.json
2026-04-19 20:18:24,356 [INFO] [science] 已生成：score_science.json
2026-04-19 20:18:24,356 [INFO] 全部完成
2026-04-19 20:18:24,356 [INFO] ==================================================
2026-04-19 20:20:15,640 [INFO] ==================================================
2026-04-19 20:20:15,641 [INFO] 开始评分计算
2026-04-19 20:20:15,641 [INFO] [general] 找到文件：2 个
2026-04-19 20:20:15,642 [INFO] [general] 基准文件：general_20260417.json
2026-04-19 20:20:15,643 [INFO] [general] 生成成功：score_general.json，共 0 条数据
2026-04-19 20:20:15,643 [INFO] [science] 找到文件：2 个
2026-04-19 20:20:15,644 [INFO] [science] 基准文件：science_20260417.json
2026-04-19 20:20:15,645 [INFO] [science] 生成成功：score_science.json，共 0 条数据
2026-04-19 20:20:15,645 [INFO] 全部完成
2026-04-19 20:20:15,645 [INFO] ==================================================
2026-04-19 20:23:17,055 [INFO] ==================================================
2026-04-19 20:23:17,055 [INFO] 开始评分计算
2026-04-19 20:23:17,056 [INFO] [general] 找到文件：2 个
2026-04-19 20:23:17,056 [INFO] [general] 基准有效条目：11
2026-04-19 20:23:17,056 [INFO] [general] 当前待处理条目：11
2026-04-19 20:23:17,057 [INFO] [general] 生成成功：score_general.json，共 11 条
2026-04-19 20:23:17,058 [INFO] [science] 找到文件：2 个
2026-04-19 20:23:17,058 [INFO] [science] 基准有效条目：102
2026-04-19 20:23:17,059 [INFO] [science] 当前待处理条目：102
2026-04-19 20:23:17,060 [INFO] [science] 生成成功：score_science.json，共 102 条
2026-04-19 20:23:17,061 [INFO] 全部完成
2026-04-19 20:23:17,061 [INFO] ==================================================
